# JRE version: Java(TM) SE Runtime Environment (8.0_121-b13) (build 1.8.0_121-b13)
# Java VM: Java HotSpot(TM) 64-Bit Server VM (25.121-b13 mixed mode windows-amd64 compressed oops)
Heap:
 PSYoungGen      total 37888K, used 5978K [0x00000000d6100000, 0x00000000d8b00000, 0x0000000100000000)
  eden space 32768K, 6% used [0x00000000d6100000,0x00000000d6319950,0x00000000d8100000)
  from space 5120K, 74% used [0x00000000d8100000,0x00000000d84bd040,0x00000000d8600000)
  to   space 5120K, 0% used [0x00000000d8600000,0x00000000d8600000,0x00000000d8b00000)
 ParOldGen       total 86016K, used 10549K [0x0000000082200000, 0x0000000087600000, 0x00000000d6100000)
  object space 86016K, 12% used [0x0000000082200000,0x0000000082c4d768,0x0000000087600000)
 Metaspace       used 12411K, capacity 12596K, committed 12672K, reserved 1060864K
  class space    used 1568K, capacity 1636K, committed 1664K, reserved 1048576K
GC Heap History (6 events):
Event: 6.043 GC heap before
{Heap before GC invocations=1 (full 0):
 PSYoungGen      total 37888K, used 32613K [0x00000000d6100000, 0x00000000d8b00000, 0x0000000100000000)
  eden space 32768K, 99% used [0x00000000d6100000,0x00000000d80d9768,0x00000000d8100000)
  from space 5120K, 0% used [0x00000000d8600000,0x00000000d8600000,0x00000000d8b00000)
  to   space 5120K, 0% used [0x00000000d8100000,0x00000000d8100000,0x00000000d8600000)
 ParOldGen       total 86016K, used 0K [0x0000000082200000, 0x0000000087600000, 0x00000000d6100000)
  object space 86016K, 0% used [0x0000000082200000,0x0000000082200000,0x0000000087600000)
 Metaspace       used 12179K, capacity 12372K, committed 12672K, reserved 1060864K
  class space    used 1546K, capacity 1604K, committed 1664K, reserved 1048576K
Event: 6.050 GC heap after
Heap after GC invocations=1 (full 0):
 PSYoungGen      total 37888K, used 5104K [0x00000000d6100000, 0x00000000d8b00000, 0x0000000100000000)
  eden space 32768K, 0% used [0x00000000d6100000,0x00000000d6100000,0x00000000d8100000)
  from space 5120K, 99% used [0x00000000d8100000,0x00000000d85fc030,0x00000000d8600000)
  to   space 5120K, 0% used [0x00000000d8600000,0x00000000d8600000,0x00000000d8b00000)
 ParOldGen       total 86016K, used 7533K [0x0000000082200000, 0x0000000087600000, 0x00000000d6100000)
  object space 86016K, 8% used [0x0000000082200000,0x000000008295b738,0x0000000087600000)
 Metaspace       used 12179K, capacity 12372K, committed 12672K, reserved 1060864K
  class space    used 1546K, capacity 1604K, committed 1664K, reserved 1048576K
}
Event: 8.330 GC heap before
{Heap before GC invocations=2 (full 0):
 PSYoungGen      total 37888K, used 37598K [0x00000000d6100000, 0x00000000d8b00000, 0x0000000100000000)
  eden space 32768K, 99% used [0x00000000d6100000,0x00000000d80bb918,0x00000000d8100000)
  from space 5120K, 99% used [0x00000000d8100000,0x00000000d85fc030,0x00000000d8600000)
  to   space 5120K, 0% used [0x00000000d8600000,0x00000000d8600000,0x00000000d8b00000)
 ParOldGen       total 86016K, used 7533K [0x0000000082200000, 0x0000000087600000, 0x00000000d6100000)
  object space 86016K, 8% used [0x0000000082200000,0x000000008295b738,0x0000000087600000)
 Metaspace       used 12202K, capacity 12372K, committed 12672K, reserved 1060864K
  class space    used 1546K, capacity 1604K, committed 1664K, reserved 1048576K
Event: 8.332 GC heap after
Heap after GC invocations=2 (full 0):
 PSYoungGen      total 37888K, used 4900K [0x00000000d6100000, 0x00000000d8b00000, 0x0000000100000000)
  eden space 32768K, 0% used [0x00000000d6100000,0x00000000d6100000,0x00000000d8100000)
  from space 5120K, 95% used [0x00000000d8600000,0x00000000d8ac9050,0x00000000d8b00000)
  to   space 5120K, 0% used [0x00000000d8100000,0x00000000d8100000,0x00000000d8600000)
 ParOldGen       total 86016K, used 10541K [0x0000000082200000, 0x0000000087600000, 0x00000000d6100000)
  object space 86016K, 12% used [0x0000000082200000,0x0000000082c4b768,0x0000000087600000)
 Metaspace       used 12202K, capacity 12372K, committed 12672K, reserved 1060864K
  class space    used 1546K, capacity 1604K, committed 1664K, reserved 1048576K
}
Event: 10.605 GC heap before
{Heap before GC invocations=3 (full 0):
 PSYoungGen      total 37888K, used 37100K [0x00000000d6100000, 0x00000000d8b00000, 0x0000000100000000)
  eden space 32768K, 98% used [0x00000000d6100000,0x00000000d8072350,0x00000000d8100000)
  from space 5120K, 95% used [0x00000000d8600000,0x00000000d8ac9050,0x00000000d8b00000)
  to   space 5120K, 0% used [0x00000000d8100000,0x00000000d8100000,0x00000000d8600000)
 ParOldGen       total 86016K, used 10541K [0x0000000082200000, 0x0000000087600000, 0x00000000d6100000)
  object space 86016K, 12% used [0x0000000082200000,0x0000000082c4b768,0x0000000087600000)
 Metaspace       used 12411K, capacity 12596K, committed 12672K, reserved 1060864K
  class space    used 1568K, capacity 1636K, committed 1664K, reserved 1048576K
Event: 10.609 GC heap after
Heap after GC invocations=3 (full 0):
 PSYoungGen      total 37888K, used 3828K [0x00000000d6100000, 0x00000000d8b00000, 0x0000000100000000)
  eden space 32768K, 0% used [0x00000000d6100000,0x00000000d6100000,0x00000000d8100000)
  from space 5120K, 74% used [0x00000000d8100000,0x00000000d84bd040,0x00000000d8600000)
  to   space 5120K, 0% used [0x00000000d8600000,0x00000000d8600000,0x00000000d8b00000)
 ParOldGen       total 86016K, used 10549K [0x0000000082200000, 0x0000000087600000, 0x00000000d6100000)
  object space 86016K, 12% used [0x0000000082200000,0x0000000082c4d768,0x0000000087600000)
 Metaspace       used 12411K, capacity 12596K, committed 12672K, reserved 1060864K
  class space    used 1568K, capacity 1636K, committed 1664K, reserved 1048576K
}

