# JRE version: Java(TM) SE Runtime Environment (8.0_121-b13) (build 1.8.0_121-b13)
# Java VM: Java HotSpot(TM) 64-Bit Server VM (25.121-b13 mixed mode windows-amd64 compressed oops)
Heap:
 PSYoungGen      total 37888K, used 6025K [0x00000000d6100000, 0x00000000d8b00000, 0x0000000100000000)
  eden space 32768K, 6% used [0x00000000d6100000,0x00000000d63195b8,0x00000000d8100000)
  from space 5120K, 75% used [0x00000000d8100000,0x00000000d84c9030,0x00000000d8600000)
  to   space 5120K, 0% used [0x00000000d8600000,0x00000000d8600000,0x00000000d8b00000)
 ParOldGen       total 86016K, used 11727K [0x0000000082200000, 0x0000000087600000, 0x00000000d6100000)
  object space 86016K, 13% used [0x0000000082200000,0x0000000082d73f38,0x0000000087600000)
 Metaspace       used 12436K, capacity 12596K, committed 12672K, reserved 1060864K
  class space    used 1569K, capacity 1636K, committed 1664K, reserved 1048576K
GC Heap History (6 events):
Event: 5.546 GC heap before
{Heap before GC invocations=1 (full 0):
 PSYoungGen      total 37888K, used 32613K [0x00000000d6100000, 0x00000000d8b00000, 0x0000000100000000)
  eden space 32768K, 99% used [0x00000000d6100000,0x00000000d80d9748,0x00000000d8100000)
  from space 5120K, 0% used [0x00000000d8600000,0x00000000d8600000,0x00000000d8b00000)
  to   space 5120K, 0% used [0x00000000d8100000,0x00000000d8100000,0x00000000d8600000)
 ParOldGen       total 86016K, used 0K [0x0000000082200000, 0x0000000087600000, 0x00000000d6100000)
  object space 86016K, 0% used [0x0000000082200000,0x0000000082200000,0x0000000087600000)
 Metaspace       used 12202K, capacity 12404K, committed 12672K, reserved 1060864K
  class space    used 1548K, capacity 1636K, committed 1664K, reserved 1048576K
Event: 5.554 GC heap after
Heap after GC invocations=1 (full 0):
 PSYoungGen      total 37888K, used 5104K [0x00000000d6100000, 0x00000000d8b00000, 0x0000000100000000)
  eden space 32768K, 0% used [0x00000000d6100000,0x00000000d6100000,0x00000000d8100000)
  from space 5120K, 99% used [0x00000000d8100000,0x00000000d85fc050,0x00000000d8600000)
  to   space 5120K, 0% used [0x00000000d8600000,0x00000000d8600000,0x00000000d8b00000)
 ParOldGen       total 86016K, used 5111K [0x0000000082200000, 0x0000000087600000, 0x00000000d6100000)
  object space 86016K, 5% used [0x0000000082200000,0x00000000826fded8,0x0000000087600000)
 Metaspace       used 12202K, capacity 12404K, committed 12672K, reserved 1060864K
  class space    used 1548K, capacity 1636K, committed 1664K, reserved 1048576K
}
Event: 8.313 GC heap before
{Heap before GC invocations=2 (full 0):
 PSYoungGen      total 37888K, used 37026K [0x00000000d6100000, 0x00000000d8b00000, 0x0000000100000000)
  eden space 32768K, 97% used [0x00000000d6100000,0x00000000d802c7d8,0x00000000d8100000)
  from space 5120K, 99% used [0x00000000d8100000,0x00000000d85fc050,0x00000000d8600000)
  to   space 5120K, 0% used [0x00000000d8600000,0x00000000d8600000,0x00000000d8b00000)
 ParOldGen       total 86016K, used 5111K [0x0000000082200000, 0x0000000087600000, 0x00000000d6100000)
  object space 86016K, 5% used [0x0000000082200000,0x00000000826fded8,0x0000000087600000)
 Metaspace       used 12256K, capacity 12468K, committed 12672K, reserved 1060864K
  class space    used 1548K, capacity 1636K, committed 1664K, reserved 1048576K
Event: 8.317 GC heap after
Heap after GC invocations=2 (full 0):
 PSYoungGen      total 37888K, used 4932K [0x00000000d6100000, 0x00000000d8b00000, 0x0000000100000000)
  eden space 32768K, 0% used [0x00000000d6100000,0x00000000d6100000,0x00000000d8100000)
  from space 5120K, 96% used [0x00000000d8600000,0x00000000d8ad1030,0x00000000d8b00000)
  to   space 5120K, 0% used [0x00000000d8100000,0x00000000d8100000,0x00000000d8600000)
 ParOldGen       total 86016K, used 11719K [0x0000000082200000, 0x0000000087600000, 0x00000000d6100000)
  object space 86016K, 13% used [0x0000000082200000,0x0000000082d71f38,0x0000000087600000)
 Metaspace       used 12256K, capacity 12468K, committed 12672K, reserved 1060864K
  class space    used 1548K, capacity 1636K, committed 1664K, reserved 1048576K
}
Event: 11.148 GC heap before
{Heap before GC invocations=3 (full 0):
 PSYoungGen      total 37888K, used 37017K [0x00000000d6100000, 0x00000000d8b00000, 0x0000000100000000)
  eden space 32768K, 97% used [0x00000000d6100000,0x00000000d80553d0,0x00000000d8100000)
  from space 5120K, 96% used [0x00000000d8600000,0x00000000d8ad1030,0x00000000d8b00000)
  to   space 5120K, 0% used [0x00000000d8100000,0x00000000d8100000,0x00000000d8600000)
 ParOldGen       total 86016K, used 11719K [0x0000000082200000, 0x0000000087600000, 0x00000000d6100000)
  object space 86016K, 13% used [0x0000000082200000,0x0000000082d71f38,0x0000000087600000)
 Metaspace       used 12435K, capacity 12596K, committed 12672K, reserved 1060864K
  class space    used 1569K, capacity 1636K, committed 1664K, reserved 1048576K
Event: 11.152 GC heap after
Heap after GC invocations=3 (full 0):
 PSYoungGen      total 37888K, used 3876K [0x00000000d6100000, 0x00000000d8b00000, 0x0000000100000000)
  eden space 32768K, 0% used [0x00000000d6100000,0x00000000d6100000,0x00000000d8100000)
  from space 5120K, 75% used [0x00000000d8100000,0x00000000d84c9030,0x00000000d8600000)
  to   space 5120K, 0% used [0x00000000d8600000,0x00000000d8600000,0x00000000d8b00000)
 ParOldGen       total 86016K, used 11727K [0x0000000082200000, 0x0000000087600000, 0x00000000d6100000)
  object space 86016K, 13% used [0x0000000082200000,0x0000000082d73f38,0x0000000087600000)
 Metaspace       used 12435K, capacity 12596K, committed 12672K, reserved 1060864K
  class space    used 1569K, capacity 1636K, committed 1664K, reserved 1048576K
}

