# JRE version: Java(TM) SE Runtime Environment (8.0_121-b13) (build 1.8.0_121-b13)
# Java VM: Java HotSpot(TM) 64-Bit Server VM (25.121-b13 mixed mode windows-amd64 compressed oops)
Heap:
 PSYoungGen      total 37888K, used 6023K [0x00000000d6100000, 0x00000000d8b00000, 0x0000000100000000)
  eden space 32768K, 6% used [0x00000000d6100000,0x00000000d631cd40,0x00000000d8100000)
  from space 5120K, 75% used [0x00000000d8600000,0x00000000d89c5040,0x00000000d8b00000)
  to   space 5120K, 0% used [0x00000000d8100000,0x00000000d8100000,0x00000000d8600000)
 ParOldGen       total 86016K, used 11065K [0x0000000082200000, 0x0000000087600000, 0x00000000d6100000)
  object space 86016K, 12% used [0x0000000082200000,0x0000000082cce568,0x0000000087600000)
 Metaspace       used 12380K, capacity 12532K, committed 12672K, reserved 1060864K
  class space    used 1565K, capacity 1636K, committed 1664K, reserved 1048576K
GC Heap History (8 events):
Event: 5.777 GC heap before
{Heap before GC invocations=1 (full 0):
 PSYoungGen      total 37888K, used 32614K [0x00000000d6100000, 0x00000000d8b00000, 0x0000000100000000)
  eden space 32768K, 99% used [0x00000000d6100000,0x00000000d80d99e8,0x00000000d8100000)
  from space 5120K, 0% used [0x00000000d8600000,0x00000000d8600000,0x00000000d8b00000)
  to   space 5120K, 0% used [0x00000000d8100000,0x00000000d8100000,0x00000000d8600000)
 ParOldGen       total 86016K, used 0K [0x0000000082200000, 0x0000000087600000, 0x00000000d6100000)
  object space 86016K, 0% used [0x0000000082200000,0x0000000082200000,0x0000000087600000)
 Metaspace       used 12135K, capacity 12304K, committed 12416K, reserved 1060864K
  class space    used 1543K, capacity 1604K, committed 1664K, reserved 1048576K
Event: 5.788 GC heap after
Heap after GC invocations=1 (full 0):
 PSYoungGen      total 37888K, used 5088K [0x00000000d6100000, 0x00000000d8b00000, 0x0000000100000000)
  eden space 32768K, 0% used [0x00000000d6100000,0x00000000d6100000,0x00000000d8100000)
  from space 5120K, 99% used [0x00000000d8100000,0x00000000d85f8040,0x00000000d8600000)
  to   space 5120K, 0% used [0x00000000d8600000,0x00000000d8600000,0x00000000d8b00000)
 ParOldGen       total 86016K, used 5641K [0x0000000082200000, 0x0000000087600000, 0x00000000d6100000)
  object space 86016K, 6% used [0x0000000082200000,0x0000000082782518,0x0000000087600000)
 Metaspace       used 12135K, capacity 12304K, committed 12416K, reserved 1060864K
  class space    used 1543K, capacity 1604K, committed 1664K, reserved 1048576K
}
Event: 9.185 GC heap before
{Heap before GC invocations=2 (full 0):
 PSYoungGen      total 37888K, used 37229K [0x00000000d6100000, 0x00000000d8b00000, 0x0000000100000000)
  eden space 32768K, 98% used [0x00000000d6100000,0x00000000d8063538,0x00000000d8100000)
  from space 5120K, 99% used [0x00000000d8100000,0x00000000d85f8040,0x00000000d8600000)
  to   space 5120K, 0% used [0x00000000d8600000,0x00000000d8600000,0x00000000d8b00000)
 ParOldGen       total 86016K, used 5641K [0x0000000082200000, 0x0000000087600000, 0x00000000d6100000)
  object space 86016K, 6% used [0x0000000082200000,0x0000000082782518,0x0000000087600000)
 Metaspace       used 12152K, capacity 12368K, committed 12672K, reserved 1060864K
  class space    used 1543K, capacity 1604K, committed 1664K, reserved 1048576K
Event: 9.194 GC heap after
Heap after GC invocations=2 (full 0):
 PSYoungGen      total 37888K, used 4948K [0x00000000d6100000, 0x00000000d8b00000, 0x0000000100000000)
  eden space 32768K, 0% used [0x00000000d6100000,0x00000000d6100000,0x00000000d8100000)
  from space 5120K, 96% used [0x00000000d8600000,0x00000000d8ad5040,0x00000000d8b00000)
  to   space 5120K, 0% used [0x00000000d8100000,0x00000000d8100000,0x00000000d8600000)
 ParOldGen       total 86016K, used 9849K [0x0000000082200000, 0x0000000087600000, 0x00000000d6100000)
  object space 86016K, 11% used [0x0000000082200000,0x0000000082b9e558,0x0000000087600000)
 Metaspace       used 12152K, capacity 12368K, committed 12672K, reserved 1060864K
  class space    used 1543K, capacity 1604K, committed 1664K, reserved 1048576K
}
Event: 12.593 GC heap before
{Heap before GC invocations=3 (full 0):
 PSYoungGen      total 37888K, used 37023K [0x00000000d6100000, 0x00000000d8b00000, 0x0000000100000000)
  eden space 32768K, 97% used [0x00000000d6100000,0x00000000d8052e80,0x00000000d8100000)
  from space 5120K, 96% used [0x00000000d8600000,0x00000000d8ad5040,0x00000000d8b00000)
  to   space 5120K, 0% used [0x00000000d8100000,0x00000000d8100000,0x00000000d8600000)
 ParOldGen       total 86016K, used 9849K [0x0000000082200000, 0x0000000087600000, 0x00000000d6100000)
  object space 86016K, 11% used [0x0000000082200000,0x0000000082b9e558,0x0000000087600000)
 Metaspace       used 12190K, capacity 12372K, committed 12672K, reserved 1060864K
  class space    used 1543K, capacity 1604K, committed 1664K, reserved 1048576K
Event: 12.595 GC heap after
Heap after GC invocations=3 (full 0):
 PSYoungGen      total 37888K, used 4964K [0x00000000d6100000, 0x00000000d8b00000, 0x0000000100000000)
  eden space 32768K, 0% used [0x00000000d6100000,0x00000000d6100000,0x00000000d8100000)
  from space 5120K, 96% used [0x00000000d8100000,0x00000000d85d9030,0x00000000d8600000)
  to   space 5120K, 0% used [0x00000000d8600000,0x00000000d8600000,0x00000000d8b00000)
 ParOldGen       total 86016K, used 11057K [0x0000000082200000, 0x0000000087600000, 0x00000000d6100000)
  object space 86016K, 12% used [0x0000000082200000,0x0000000082ccc568,0x0000000087600000)
 Metaspace       used 12190K, capacity 12372K, committed 12672K, reserved 1060864K
  class space    used 1543K, capacity 1604K, committed 1664K, reserved 1048576K
}
Event: 15.999 GC heap before
{Heap before GC invocations=4 (full 0):
 PSYoungGen      total 37888K, used 37005K [0x00000000d6100000, 0x00000000d8b00000, 0x0000000100000000)
  eden space 32768K, 97% used [0x00000000d6100000,0x00000000d804a400,0x00000000d8100000)
  from space 5120K, 96% used [0x00000000d8100000,0x00000000d85d9030,0x00000000d8600000)
  to   space 5120K, 0% used [0x00000000d8600000,0x00000000d8600000,0x00000000d8b00000)
 ParOldGen       total 86016K, used 11057K [0x0000000082200000, 0x0000000087600000, 0x00000000d6100000)
  object space 86016K, 12% used [0x0000000082200000,0x0000000082ccc568,0x0000000087600000)
 Metaspace       used 12379K, capacity 12532K, committed 12672K, reserved 1060864K
  class space    used 1565K, capacity 1636K, committed 1664K, reserved 1048576K
Event: 16.001 GC heap after
Heap after GC invocations=4 (full 0):
 PSYoungGen      total 37888K, used 3860K [0x00000000d6100000, 0x00000000d8b00000, 0x0000000100000000)
  eden space 32768K, 0% used [0x00000000d6100000,0x00000000d6100000,0x00000000d8100000)
  from space 5120K, 75% used [0x00000000d8600000,0x00000000d89c5040,0x00000000d8b00000)
  to   space 5120K, 0% used [0x00000000d8100000,0x00000000d8100000,0x00000000d8600000)
 ParOldGen       total 86016K, used 11065K [0x0000000082200000, 0x0000000087600000, 0x00000000d6100000)
  object space 86016K, 12% used [0x0000000082200000,0x0000000082cce568,0x0000000087600000)
 Metaspace       used 12379K, capacity 12532K, committed 12672K, reserved 1060864K
  class space    used 1565K, capacity 1636K, committed 1664K, reserved 1048576K
}

